CarLife-Android-Vehicle-V2.0/vehicle-app/build/intermediates/manifest_merge_blame_file/debug/manifest-merger-blame-debug-report.txt
1<?xml version="1.0" encoding="utf-8"?>
2<manifest xmlns:android="http://schemas.android.com/apk/res/android"
3    package="com.baidu.carlifevehicle"
4    android:versionCode="16"
5    android:versionName="4.0.0" >
6
7    <uses-sdk
8        android:minSdkVersion="17"
8-->src/main/AndroidManifest.xml
9        android:targetSdkVersion="30" />
9-->src/main/AndroidManifest.xml
10
11    <uses-permission android:name="android.permission.ACCESS_WIFI_STATE" />
11-->src/main/AndroidManifest.xml:6:5-76
11-->src/main/AndroidManifest.xml:6:22-73
12    <uses-permission android:name="android.permission.CHANGE_WIFI_STATE" />
12-->src/main/AndroidManifest.xml:7:5-76
12-->src/main/AndroidManifest.xml:7:22-73
13    <uses-permission android:name="android.permission.CHANGE_NETWORK_STATE" />
13-->src/main/AndroidManifest.xml:8:5-79
13-->src/main/AndroidManifest.xml:8:22-76
14    <uses-permission android:name="android.permission.ACCESS_NETWORK_STATE" />
14-->src/main/AndroidManifest.xml:9:5-79
14-->src/main/AndroidManifest.xml:9:22-76
15    <uses-permission android:name="android.permission.ACCESS_FINE_LOCATION" />
15-->src/main/AndroidManifest.xml:10:5-79
15-->src/main/AndroidManifest.xml:10:22-76
16    <uses-permission android:name="android.permission.INTERNET" />
16-->src/main/AndroidManifest.xml:12:5-67
16-->src/main/AndroidManifest.xml:12:22-64
17
18    <uses-feature android:name="android.hardware.usb.host" />
18-->src/main/AndroidManifest.xml:14:5-62
18-->src/main/AndroidManifest.xml:14:19-59
19    <uses-feature
19-->src/main/AndroidManifest.xml:15:5-17:35
20        android:name="android.hardware.wifi.direct"
20-->src/main/AndroidManifest.xml:16:9-52
21        android:required="true" />
21-->src/main/AndroidManifest.xml:17:9-32
22
23    <uses-permission android:name="android.permission.RECORD_AUDIO" />
23-->src/main/AndroidManifest.xml:19:5-71
23-->src/main/AndroidManifest.xml:19:22-68
24    <uses-permission android:name="android.permission.REORDER_TASKS" />
24-->src/main/AndroidManifest.xml:20:5-72
24-->src/main/AndroidManifest.xml:20:22-69
25    <uses-permission android:name="android.permission.REQUEST_INSTALL_PACKAGES" />
25-->src/main/AndroidManifest.xml:21:5-83
25-->src/main/AndroidManifest.xml:21:22-80
26    <uses-permission android:name="android.permission.BLUETOOTH" />
26-->[:carlife-sdk-release:] AndroidManifest.xml:13:5-68
26-->[:carlife-sdk-release:] AndroidManifest.xml:13:22-65
27    <uses-permission android:name="android.permission.BLUETOOTH_ADMIN" />
27-->[:carlife-sdk-release:] AndroidManifest.xml:14:5-74
27-->[:carlife-sdk-release:] AndroidManifest.xml:14:22-71
28    <uses-permission android:name="android.permission.READ_EXTERNAL_STORAGE" />
28-->[:carlife-sdk-release:] AndroidManifest.xml:15:5-80
28-->[:carlife-sdk-release:] AndroidManifest.xml:15:22-77
29    <uses-permission android:name="android.permission.WRITE_EXTERNAL_STORAGE" />
29-->[:carlife-sdk-release:] AndroidManifest.xml:16:5-81
29-->[:carlife-sdk-release:] AndroidManifest.xml:16:22-78
30    <uses-permission android:name="android.permission.FOREGROUND_SERVICE" />
30-->[:carlife-sdk-release:] AndroidManifest.xml:17:5-77
30-->[:carlife-sdk-release:] AndroidManifest.xml:17:22-74
31
32    <application
32-->src/main/AndroidManifest.xml:23:5-56:19
33        android:name="com.baidu.carlifevehicle.VehicleApplication"
33-->src/main/AndroidManifest.xml:24:9-43
34        android:allowBackup="true"
34-->src/main/AndroidManifest.xml:25:9-35
35        android:appComponentFactory="androidx.core.app.CoreComponentFactory"
35-->[androidx.core:core:1.3.2] AndroidManifest.xml:24:18-86
36        android:debuggable="true"
37        android:icon="@mipmap/ic_launcher"
37-->src/main/AndroidManifest.xml:26:9-43
38        android:label="@string/app_name"
38-->src/main/AndroidManifest.xml:27:9-41
39        android:networkSecurityConfig="@xml/network_security_config"
39-->[:carlife-sdk-release:] AndroidManifest.xml:20:18-78
40        android:screenOrientation="landscape"
40-->src/main/AndroidManifest.xml:28:9-46
41        android:supportsRtl="true" >
41-->src/main/AndroidManifest.xml:29:9-35
42        <activity
42-->src/main/AndroidManifest.xml:30:9-41:20
43            android:name="com.baidu.carlifevehicle.CarlifeActivity"
43-->src/main/AndroidManifest.xml:31:13-44
44            android:launchMode="singleTask"
44-->src/main/AndroidManifest.xml:32:13-44
45            android:screenOrientation="landscape"
45-->src/main/AndroidManifest.xml:33:13-50
46            android:theme="@style/Theme.CarLifeSDK" >
46-->src/main/AndroidManifest.xml:34:13-52
47            <intent-filter>
47-->src/main/AndroidManifest.xml:36:13-40:29
48                <action android:name="android.intent.action.MAIN" />
48-->src/main/AndroidManifest.xml:37:17-69
48-->src/main/AndroidManifest.xml:37:25-66
49
50                <category android:name="android.intent.category.LAUNCHER" />
50-->src/main/AndroidManifest.xml:39:17-77
50-->src/main/AndroidManifest.xml:39:27-74
51            </intent-filter>
52        </activity>
53        <activity
53-->src/main/AndroidManifest.xml:42:9-44:77
54            android:name="com.baidu.carlifevehicle.SettingsActivity"
54-->src/main/AndroidManifest.xml:43:13-45
55            android:theme="@style/Theme.AppCompat.DayNight.DarkActionBar" />
55-->src/main/AndroidManifest.xml:44:13-74
56
57        <service android:name="com.baidu.carlifevehicle.VehicleService" />
57-->src/main/AndroidManifest.xml:46:9-51
57-->src/main/AndroidManifest.xml:46:18-48
58
59        <provider
59-->src/main/AndroidManifest.xml:47:9-55:20
60            android:name="androidx.core.content.FileProvider"
60-->src/main/AndroidManifest.xml:48:13-62
61            android:authorities="com.baidu.downloadmanager"
61-->src/main/AndroidManifest.xml:49:13-60
62            android:exported="false"
62-->src/main/AndroidManifest.xml:50:13-37
63            android:grantUriPermissions="true" >
63-->src/main/AndroidManifest.xml:51:13-47
64            <meta-data
64-->src/main/AndroidManifest.xml:52:13-54:58
65                android:name="android.support.FILE_PROVIDER_PATHS"
65-->src/main/AndroidManifest.xml:53:17-67
66                android:resource="@xml/provider_paths" />
66-->src/main/AndroidManifest.xml:54:17-55
67        </provider>
68
69        <service
69-->[:carlife-sdk-release:] AndroidManifest.xml:21:9-24:63
70            android:name="com.baidu.carlife.sdk.sender.CarLifeSenderService"
70-->[:carlife-sdk-release:] AndroidManifest.xml:22:13-77
71            android:exported="true"
71-->[:carlife-sdk-release:] AndroidManifest.xml:23:13-36
72            android:foregroundServiceType="mediaProjection" />
72-->[:carlife-sdk-release:] AndroidManifest.xml:24:13-60
73        <service android:name="com.baidu.carlife.sdk.receiver.CarLifeReceiverService" />
73-->[:carlife-sdk-release:] AndroidManifest.xml:25:9-89
73-->[:carlife-sdk-release:] AndroidManifest.xml:25:18-86
74
75        <activity
75-->[:carlife-sdk-release:] AndroidManifest.xml:27:9-29:86
76            android:name="com.baidu.carlife.sdk.sender.display.impl.screencapture.MediaProjectionRequestActivity"
76-->[:carlife-sdk-release:] AndroidManifest.xml:28:13-114
77            android:theme="@android:style/Theme.Translucent.NoTitleBar.Fullscreen" />
77-->[:carlife-sdk-release:] AndroidManifest.xml:29:13-83
78    </application>
79
80</manifest>